[2026-01-18 11:23:54] INFO: Admin login próbálkozás
[DEV] {"email":"arpadsz@max.hu"}
[2026-01-18 11:23:54] INFO: Sikeres bejelentkezés
[DEV] {"email":"arpadsz@max.hu","table":"admins"}
[2026-01-18 11:26:00] INFO: Sikeres bejelentkezés
[DEV] {"email":"arpadsz@max.hu","table":"admins"}
[2026-01-18 11:31:25] INFO: Sikeres bejelentkezés
[DEV] {"email":"developedbybarley@gmail.com","table":"admins"}
[2026-01-18 11:35:17] INFO: Admin frissítése: arpadsz@max.hu
[DEV] {"admin":"developedbybarley@gmail.com"}
[2026-01-18 11:35:45] INFO: Admin frissítése: arpadsz@max.hu
[DEV] {"admin":"developedbybarley@gmail.com"}
[2026-01-18 11:36:08] INFO: Admin frissítése: arpadsz@max.hu
[DEV] {"admin":"developedbybarley@gmail.com"}
[2026-01-18 11:36:15] INFO: Admin frissítése: arpadsz@max.hu
[DEV] {"admin":"developedbybarley@gmail.com"}
[2026-01-18 11:36:22] INFO: Admin frissítése: developedbybarley@gmail.com
[DEV] {"admin":"developedbybarley@gmail.com"}
[2026-01-18 11:36:56] INFO: Sikeres bejelentkezés
[DEV] {"email":"arpadsz@max.hu","table":"admins"}
[2026-01-18 11:37:01] INFO: Admin frissítése: arpadsz@max.hu
[DEV] {"admin":"arpadsz@max.hu"}
[2026-01-18 11:37:37] INFO: Admin törlése: developedbybarley@gmail.com
[DEV] {"admin":"arpadsz@max.hu"}
[2026-02-03 10:44:00] CRITICAL: Database connection fail!
[DEV] Fail in Database class construct function with message:SQLSTATE[HY000] [1045] Access denied for user 'Barley'@'localhost' (using password: YES)
[2026-02-03 10:44:01] CRITICAL: Database connection fail!
[DEV] Fail in Database class construct function with message:SQLSTATE[HY000] [1045] Access denied for user 'Barley'@'localhost' (using password: YES)
[2026-02-03 10:44:01] CRITICAL: Database connection fail!
[DEV] Fail in Database class construct function with message:SQLSTATE[HY000] [1045] Access denied for user 'Barley'@'localhost' (using password: YES)
[2026-02-03 10:44:01] CRITICAL: Database connection fail!
[DEV] Fail in Database class construct function with message:SQLSTATE[HY000] [1045] Access denied for user 'Barley'@'localhost' (using password: YES)
[2026-02-03 10:44:01] CRITICAL: Database connection fail!
[DEV] Fail in Database class construct function with message:SQLSTATE[HY000] [1045] Access denied for user 'Barley'@'localhost' (using password: YES)
[2026-02-03 10:44:02] CRITICAL: Database connection fail!
[DEV] Fail in Database class construct function with message:SQLSTATE[HY000] [1045] Access denied for user 'Barley'@'localhost' (using password: YES)
[2026-02-03 10:44:26] CRITICAL: Database connection fail!
[DEV] Fail in Database class construct function with message:SQLSTATE[HY000] [1045] Access denied for user 'Barley'@'localhost' (using password: YES)
[2026-02-03 10:44:26] CRITICAL: Database connection fail!
[DEV] Fail in Database class construct function with message:SQLSTATE[HY000] [1045] Access denied for user 'Barley'@'localhost' (using password: NO)
[2026-02-03 10:44:27] CRITICAL: Database connection fail!
[DEV] Fail in Database class construct function with message:SQLSTATE[HY000] [1045] Access denied for user 'Barley'@'localhost' (using password: NO)
[2026-02-03 10:44:27] CRITICAL: Database connection fail!
[DEV] Fail in Database class construct function with message:SQLSTATE[HY000] [1045] Access denied for user 'Barley'@'localhost' (using password: NO)
[2026-02-03 10:44:30] CRITICAL: Database connection fail!
[DEV] Fail in Database class construct function with message:SQLSTATE[HY000] [1045] Access denied for user 'Barley'@'localhost' (using password: NO)
[2026-02-03 12:17:07] CRITICAL: Database fail in query method
[DEV] Fail in Database class query function with message:SQLSTATE[42S02]: Base table or view not found: 1146 Table 'gde.subscribers' doesn't exist
[2026-02-03 12:17:07] CRITICAL: Database insert error in Model.
[DEV] Database error: Query execution failed: SQLSTATE[42S02]: Base table or view not found: 1146 Table 'gde.subscribers' doesn't exist
[2026-02-03 12:17:32] CRITICAL: Database fail in query method
[DEV] Fail in Database class query function with message:SQLSTATE[42S02]: Base table or view not found: 1146 Table 'gde.subscribers' doesn't exist
[2026-02-03 12:17:32] CRITICAL: Database insert error in Model.
[DEV] Database error: Query execution failed: SQLSTATE[42S02]: Base table or view not found: 1146 Table 'gde.subscribers' doesn't exist
[2026-02-03 12:17:54] CRITICAL: Database fail in query method
[DEV] Fail in Database class query function with message:SQLSTATE[42S22]: Column not found: 1054 Unknown column 'registrationType' in 'field list'
[2026-02-03 12:17:54] CRITICAL: Database insert error in Model.
[DEV] Database error: Query execution failed: SQLSTATE[42S22]: Column not found: 1054 Unknown column 'registrationType' in 'field list'
[2026-02-03 12:18:46] CRITICAL: Database fail in query method
[DEV] Fail in Database class query function with message:SQLSTATE[42S22]: Column not found: 1054 Unknown column 'speakerTalkTitle' in 'field list'
[2026-02-03 12:18:46] CRITICAL: Database insert error in Model.
[DEV] Database error: Query execution failed: SQLSTATE[42S22]: Column not found: 1054 Unknown column 'speakerTalkTitle' in 'field list'
[2026-02-03 12:19:45] CRITICAL: Database fail in query method
[DEV] Fail in Database class query function with message:SQLSTATE[42S22]: Column not found: 1054 Unknown column 'termsAgree' in 'field list'
[2026-02-03 12:19:45] CRITICAL: Database insert error in Model.
[DEV] Database error: Query execution failed: SQLSTATE[42S22]: Column not found: 1054 Unknown column 'termsAgree' in 'field list'
